C:\Program Files (x86)\Microsoft Visual Studio\2019\Community\MSBuild\Microsoft\VC\v160\Microsoft.CppBuild.targets(491,5): warning MSB8028: The intermediate directory (x64\Release\) contains files shared from another project (ListTest_CLI_Project.vcxproj).  This can lead to incorrect clean and rebuild behavior.
C:\Program Files (x86)\Microsoft Visual Studio\2019\Community\MSBuild\Microsoft\VC\v160\Microsoft.MetaGen.targets(91,5): warning : Required file "C:\USERS\FRAMIREZ\SOURCE\REPOS\GECA_VC_PROJECT\CONTROL.DRAGGABLE.DLL" is missing.
C:\Program Files (x86)\Microsoft Visual Studio\2019\Community\MSBuild\Microsoft\VC\v160\Microsoft.MetaGen.targets(91,5): warning : Required file "C:\USERS\FRAMIREZ\SOURCE\REPOS\GECA_VC_PROJECT\X64\MATHPARSER.ORG-MXPARSER.DLL" is missing.
  pch.cpp
  AssemblyInfo.cpp
  CaInterfaceClass.cpp
C:\2020\GECA_VC\GECA_VC_ProjectOld\GECA_VC_Project\GlobalsHeader.h(10,10): fatal error C1083: Cannot open include file: 'C:\Epics\base-3.16.2\include\cadef.h': No such file or directory
  Channel.cpp
C:\2020\GECA_VC\GECA_VC_ProjectOld\GECA_VC_Project\GlobalsHeader.h(10,10): fatal error C1083: Cannot open include file: 'C:\Epics\base-3.16.2\include\cadef.h': No such file or directory
  CnfChnl.cpp
C:\2020\GECA_VC\GECA_VC_ProjectOld\GECA_VC_Project\GlobalsHeader.h(10,10): fatal error C1083: Cannot open include file: 'C:\Epics\base-3.16.2\include\cadef.h': No such file or directory
  CppCLR_WinformsProjekt.cpp
C:\2020\GECA_VC\GECA_VC_ProjectOld\GECA_VC_Project\GlobalsHeader.h(10,10): fatal error C1083: Cannot open include file: 'C:\Epics\base-3.16.2\include\cadef.h': No such file or directory
  Crate.cpp
C:\2020\GECA_VC\GECA_VC_ProjectOld\GECA_VC_Project\GlobalsHeader.h(10,10): fatal error C1083: Cannot open include file: 'C:\Epics\base-3.16.2\include\cadef.h': No such file or directory
  DeviceCommonInfo.cpp
C:\2020\GECA_VC\GECA_VC_ProjectOld\GECA_VC_Project\GlobalsHeader.h(10,10): fatal error C1083: Cannot open include file: 'C:\Epics\base-3.16.2\include\cadef.h': No such file or directory
  GlobalSettingsForm.cpp
  GroupCnfSltn.cpp
C:\2020\GECA_VC\GECA_VC_ProjectOld\GECA_VC_Project\GlobalsHeader.h(10,10): fatal error C1083: Cannot open include file: 'C:\Epics\base-3.16.2\include\cadef.h': No such file or directory
  GroupNaming.cpp
  LogSltnForm.cpp
C:\2020\GECA_VC\GECA_VC_ProjectOld\GECA_VC_Project\GlobalsHeader.h(10,10): fatal error C1083: Cannot open include file: 'C:\Epics\base-3.16.2\include\cadef.h': No such file or directory
  MainForm.cpp
C:\2020\GECA_VC\GECA_VC_ProjectOld\GECA_VC_Project\GlobalsHeader.h(10,10): fatal error C1083: Cannot open include file: 'C:\Epics\base-3.16.2\include\cadef.h': No such file or directory
  Module.cpp
  MyForm.cpp
C:\2020\GECA_VC\GECA_VC_ProjectOld\GECA_VC_Project\GlobalsHeader.h(10,10): fatal error C1083: Cannot open include file: 'C:\Epics\base-3.16.2\include\cadef.h': No such file or directory
  ChnlViewForm.cpp
C:\2020\GECA_VC\GECA_VC_ProjectOld\GECA_VC_Project\GlobalsHeader.h(10,10): fatal error C1083: Cannot open include file: 'C:\Epics\base-3.16.2\include\cadef.h': No such file or directory
  ChnlSltnVForm.cpp
C:\2020\GECA_VC\GECA_VC_ProjectOld\GECA_VC_Project\GlobalsHeader.h(10,10): fatal error C1083: Cannot open include file: 'C:\Epics\base-3.16.2\include\cadef.h': No such file or directory
  SetStateByGroup.cpp
C:\2020\GECA_VC\GECA_VC_ProjectOld\GECA_VC_Project\GlobalsHeader.h(10,10): fatal error C1083: Cannot open include file: 'C:\Epics\base-3.16.2\include\cadef.h': No such file or directory
  ProgressDialog.cpp
C:\2020\GECA_VC\GECA_VC_ProjectOld\GECA_VC_Project\GlobalsHeader.h(10,10): fatal error C1083: Cannot open include file: 'C:\Epics\base-3.16.2\include\cadef.h': No such file or directory
  ProgressDialogTask.cpp
C:\2020\GECA_VC\GECA_VC_ProjectOld\GECA_VC_Project\GlobalsHeader.h(10,10): fatal error C1083: Cannot open include file: 'C:\Epics\base-3.16.2\include\cadef.h': No such file or directory
  SaveDataToFile.cpp
C:\2020\GECA_VC\GECA_VC_ProjectOld\GECA_VC_Project\GlobalsHeader.h(10,10): fatal error C1083: Cannot open include file: 'C:\Epics\base-3.16.2\include\cadef.h': No such file or directory
  Generating Code...
  Compiling...
  SetSltnViewForm.cpp
C:\2020\GECA_VC\GECA_VC_ProjectOld\GECA_VC_Project\GlobalsHeader.h(10,10): fatal error C1083: Cannot open include file: 'C:\Epics\base-3.16.2\include\cadef.h': No such file or directory
  SlctChnlClass.cpp
  SltnChnlForm.cpp
C:\2020\GECA_VC\GECA_VC_ProjectOld\GECA_VC_Project\GlobalsHeader.h(10,10): fatal error C1083: Cannot open include file: 'C:\Epics\base-3.16.2\include\cadef.h': No such file or directory
  ThreadCAClass.cpp
C:\2020\GECA_VC\GECA_VC_ProjectOld\GECA_VC_Project\GlobalsHeader.h(10,10): fatal error C1083: Cannot open include file: 'C:\Epics\base-3.16.2\include\cadef.h': No such file or directory
  Generating Code...
